C51 COMPILER V9.01   MAIN                                                                  04/22/2022 10:21:34 PAGE 1   


C51 COMPILER V9.01, COMPILATION OF MODULE MAIN
OBJECT MODULE PLACED IN main.OBJ
COMPILER INVOKED BY: D:\Softwares\keil\C51\BIN\C51.EXE main.c BROWSE DEBUG OBJECTEXTEND

line level    source

   1          #include<reg51.h>
   2          #define u8 unsigned char
   3          #define u16 unsigned int
   4          
   5          u8 seg_code[] = {0x3f, 0x06, 0x5b, 0x4f, 0x66, 0x6d, 0x7d, 0x07, 0x7f, 0x6f};
   6          u8 dis[] = {0, 1, 2, 3, 4, 5, 6, 7};                                                                                                                       
   7          
   8          void delayms(u16 ms)
   9          {
  10   1              u8 i;
  11   1              while(ms--){
  12   2                      for (i=0; i<123; i++);
  13   2              }
  14   1              return;
  15   1      }
  16          
  17          void main()
  18          {
  19   1              u8 i=0;
  20   1              P0 = 0;
  21   1              P2 = 0;
  22   1              while(1)
  23   1              {
  24   2                      P2 = dis[i];
  25   2                      P0 = seg_code[i];
  26   2                      delayms(500);
  27   2                      P0 = 0;
  28   2                      delayms(100);
  29   2      
  30   2                      i++;
  31   2                      if (i==8) i=0;
  32   2              }
  33   1      }


MODULE INFORMATION:   STATIC OVERLAYABLE
   CODE SIZE        =     66    ----
   CONSTANT SIZE    =   ----    ----
   XDATA SIZE       =   ----    ----
   PDATA SIZE       =   ----    ----
   DATA SIZE        =     18    ----
   IDATA SIZE       =   ----    ----
   BIT SIZE         =   ----    ----
END OF MODULE INFORMATION.


C51 COMPILATION COMPLETE.  0 WARNING(S),  0 ERROR(S)
