C51 COMPILER V9.01   MAIN                                                                  04/22/2022 09:46:38 PAGE 1   


C51 COMPILER V9.01, COMPILATION OF MODULE MAIN
OBJECT MODULE PLACED IN main.OBJ
COMPILER INVOKED BY: D:\Softwares\keil\C51\BIN\C51.EXE main.c BROWSE DEBUG OBJECTEXTEND

line level    source

   1          #include"reg52.h"
   2          
   3          #define u8 unsigned char
   4          #define u16 unsigned int
   5          
   6          u16 a[] = {0xff, 0xfe, 0xfd, 0xfb, 0xf7, 0xef, 0xdf, 0xbf, 0x7f};
   7          
   8          void delayms(u16 ms)
   9          {
  10   1              u8 i;
  11   1              while(ms--)
  12   1                      for (i=0; i<123; i++);
  13   1      }
  14          
  15          //void main()
  16          //{
  17          //      while(1)
  18          //      {
  19          //              u8 i;
  20          //              for (i=1; i<=8; i++)
  21          //              {
  22          //                      P1 = a[i];
  23          //                      delayms(500);
  24          //                      if (i==8) i=-1;
  25          //              }
  26          //      }
  27          //      return;
  28          //}
  29          
  30          void main()
  31          {
  32   1              P1 = 0xfe;
  33   1              while(1)
  34   1              {
  35   2                      delayms(500);
  36   2                      P1 <<= 1;
  37   2                      P1 |= 0x01;
  38   2                      if (P1==0x7f)
  39   2                      {
  40   3                              delayms(500);
  41   3                              P1 = 0xfe;
  42   3                      }
  43   2              }
  44   1      }


MODULE INFORMATION:   STATIC OVERLAYABLE
   CODE SIZE        =     58    ----
   CONSTANT SIZE    =   ----    ----
   XDATA SIZE       =   ----    ----
   PDATA SIZE       =   ----    ----
   DATA SIZE        =     18    ----
   IDATA SIZE       =   ----    ----
   BIT SIZE         =   ----    ----
END OF MODULE INFORMATION.

C51 COMPILER V9.01   MAIN                                                                  04/22/2022 09:46:38 PAGE 2   


C51 COMPILATION COMPLETE.  0 WARNING(S),  0 ERROR(S)
