C51 COMPILER V9.01   MAIN                                                                  04/20/2022 14:01:23 PAGE 1   


C51 COMPILER V9.01, COMPILATION OF MODULE MAIN
OBJECT MODULE PLACED IN main.OBJ
COMPILER INVOKED BY: D:\Softwares\keil\C51\BIN\C51.EXE main.c BROWSE DEBUG OBJECTEXTEND

line level    source

   1          #include<reg52.h>
   2          
   3          #define u8 unsigned char
   4          #define u16 unsigned int
   5          
   6          void delayms(u16 ms)
   7          {
   8   1              u8 i;
   9   1              while(ms--)
  10   1                      for (i=0; i<123; i++);
  11   1      }
  12          
  13          void int0(void) interrupt 0 using 0
  14          {
  15   1              P1 = 0x0f;
  16   1              delayms(800);
  17   1              P1 = 0xf0;
  18   1              delayms(800);
  19   1      }
  20          
  21          void main(void)
  22          {       
  23   1              EA = 1;
  24   1              EX0 = 1;
  25   1              IT0 = 1;
  26   1              while(1)
  27   1              {
  28   2                      P1 = 0;
  29   2              }
  30   1      } 


MODULE INFORMATION:   STATIC OVERLAYABLE
   CODE SIZE        =     65    ----
   CONSTANT SIZE    =   ----    ----
   XDATA SIZE       =   ----    ----
   PDATA SIZE       =   ----    ----
   DATA SIZE        =   ----    ----
   IDATA SIZE       =   ----    ----
   BIT SIZE         =   ----    ----
END OF MODULE INFORMATION.


C51 COMPILATION COMPLETE.  0 WARNING(S),  0 ERROR(S)
